<?xml version="1.0" encoding="UTF-8"?>
<testsuite xmlns:xsi="http://www.w3.org/2001/XMLSchema-instance" xsi:noNamespaceSchemaLocation="https://maven.apache.org/surefire/maven-surefire-plugin/xsd/surefire-test-report.xsd" name="com.project.forex.ForexappApplicationTests" time="171.201" tests="7" errors="0" skipped="1" failures="0">
  <properties>
[...]
</properties>
  <testcase name="when2RegisteringNewOrderReturnResponseObjectShouldNotBeNull" classname="com.project.forex.ForexappApplicationTests" time="0">
    <skipped/>
    <system-out><![CDATA[14:14:37.919 [main] DEBUG org.springframework.test.context.junit4.SpringJUnit4ClassRunner - SpringJUnit4ClassRunner constructor called with [class com.project.forex.ForexappApplicationTests]
14:14:37.930 [main] DEBUG org.springframework.test.context.BootstrapUtils - Instantiating CacheAwareContextLoaderDelegate from class [org.springframework.test.context.cache.DefaultCacheAwareContextLoaderDelegate]
14:14:37.943 [main] DEBUG org.springframework.test.context.BootstrapUtils - Instantiating BootstrapContext using constructor [public org.springframework.test.context.support.DefaultBootstrapContext(java.lang.Class,org.springframework.test.context.CacheAwareContextLoaderDelegate)]
14:14:37.995 [main] DEBUG org.springframework.test.context.BootstrapUtils - Instantiating TestContextBootstrapper for test class [com.project.forex.ForexappApplicationTests] from class [org.springframework.boot.test.context.SpringBootTestContextBootstrapper]
14:14:38.036 [main] INFO org.springframework.boot.test.context.SpringBootTestContextBootstrapper - Neither @ContextConfiguration nor @ContextHierarchy found for test class [com.project.forex.ForexappApplicationTests], using SpringBootContextLoader
14:14:38.046 [main] DEBUG org.springframework.test.context.support.AbstractContextLoader - Did not detect default resource location for test class [com.project.forex.ForexappApplicationTests]: class path resource [com/project/forex/ForexappApplicationTests-context.xml] does not exist
14:14:38.050 [main] DEBUG org.springframework.test.context.support.AbstractContextLoader - Did not detect default resource location for test class [com.project.forex.ForexappApplicationTests]: class path resource [com/project/forex/ForexappApplicationTestsContext.groovy] does not exist
14:14:38.054 [main] INFO org.springframework.test.context.support.AbstractContextLoader - Could not detect default resource locations for test class [com.project.forex.ForexappApplicationTests]: no resource found for suffixes {-context.xml, Context.groovy}.
14:14:38.148 [main] DEBUG org.springframework.test.context.support.ActiveProfilesUtils - Could not find an 'annotation declaring class' for annotation type [org.springframework.test.context.ActiveProfiles] and class [com.project.forex.ForexappApplicationTests]
14:14:38.338 [main] DEBUG org.springframework.boot.test.context.SpringBootTestContextBootstrapper - @TestExecutionListeners is not present for class [com.project.forex.ForexappApplicationTests]: using defaults.
14:14:38.340 [main] INFO org.springframework.boot.test.context.SpringBootTestContextBootstrapper - Loaded default TestExecutionListener class names from location [META-INF/spring.factories]: [org.springframework.boot.test.mock.mockito.MockitoTestExecutionListener, org.springframework.boot.test.mock.mockito.ResetMocksTestExecutionListener, org.springframework.boot.test.autoconfigure.restdocs.RestDocsTestExecutionListener, org.springframework.boot.test.autoconfigure.web.client.MockRestServiceServerResetTestExecutionListener, org.springframework.boot.test.autoconfigure.web.servlet.MockMvcPrintOnlyOnFailureTestExecutionListener, org.springframework.boot.test.autoconfigure.web.servlet.WebDriverTestExecutionListener, org.springframework.test.context.web.ServletTestExecutionListener, org.springframework.test.context.support.DirtiesContextBeforeModesTestExecutionListener, org.springframework.test.context.support.DependencyInjectionTestExecutionListener, org.springframework.test.context.support.DirtiesContextTestExecutionListener, org.springframework.test.context.transaction.TransactionalTestExecutionListener, org.springframework.test.context.jdbc.SqlScriptsTestExecutionListener]
14:14:38.381 [main] INFO org.springframework.boot.test.context.SpringBootTestContextBootstrapper - Using TestExecutionListeners: [org.springframework.test.context.web.ServletTestExecutionListener@44ebcd03, org.springframework.test.context.support.DirtiesContextBeforeModesTestExecutionListener@694abbdc, org.springframework.boot.test.mock.mockito.MockitoTestExecutionListener@2e005c4b, org.springframework.boot.test.autoconfigure.SpringBootDependencyInjectionTestExecutionListener@4567f35d, org.springframework.test.context.support.DirtiesContextTestExecutionListener@5ffead27, org.springframework.test.context.transaction.TransactionalTestExecutionListener@6356695f, org.springframework.test.context.jdbc.SqlScriptsTestExecutionListener@4f18837a, org.springframework.boot.test.mock.mockito.ResetMocksTestExecutionListener@359f7cdf, org.springframework.boot.test.autoconfigure.restdocs.RestDocsTestExecutionListener@1fa268de, org.springframework.boot.test.autoconfigure.web.client.MockRestServiceServerResetTestExecutionListener@4f6ee6e4, org.springframework.boot.test.autoconfigure.web.servlet.MockMvcPrintOnlyOnFailureTestExecutionListener@4466af20, org.springframework.boot.test.autoconfigure.web.servlet.WebDriverTestExecutionListener@a514af7]
14:14:38.396 [main] DEBUG org.springframework.test.annotation.ProfileValueUtils - Retrieved @ProfileValueSourceConfiguration [null] for test class [com.project.forex.ForexappApplicationTests]
14:14:38.399 [main] DEBUG org.springframework.test.annotation.ProfileValueUtils - Retrieved ProfileValueSource type [class org.springframework.test.annotation.SystemProfileValueSource] for class [com.project.forex.ForexappApplicationTests]
14:14:38.407 [main] DEBUG org.springframework.test.annotation.ProfileValueUtils - Retrieved @ProfileValueSourceConfiguration [null] for test class [com.project.forex.ForexappApplicationTests]
14:14:38.411 [main] DEBUG org.springframework.test.annotation.ProfileValueUtils - Retrieved ProfileValueSource type [class org.springframework.test.annotation.SystemProfileValueSource] for class [com.project.forex.ForexappApplicationTests]
14:14:38.414 [main] DEBUG org.springframework.test.annotation.ProfileValueUtils - Retrieved @ProfileValueSourceConfiguration [null] for test class [com.project.forex.ForexappApplicationTests]
14:14:38.417 [main] DEBUG org.springframework.test.annotation.ProfileValueUtils - Retrieved ProfileValueSource type [class org.springframework.test.annotation.SystemProfileValueSource] for class [com.project.forex.ForexappApplicationTests]
14:14:38.429 [main] DEBUG org.springframework.test.context.support.AbstractDirtiesContextTestExecutionListener - Before test class: context [DefaultTestContext@38c6f217 testClass = ForexappApplicationTests, testInstance = [null], testMethod = [null], testException = [null], mergedContextConfiguration = [WebMergedContextConfiguration@478190fc testClass = ForexappApplicationTests, locations = '{}', classes = '{class com.project.forex.ForexappApplication, class com.project.forex.ForexappApplication}', contextInitializerClasses = '[]', activeProfiles = '{}', propertySourceLocations = '{}', propertySourceProperties = '{org.springframework.boot.test.context.SpringBootTestContextBootstrapper=true, server.port=0}', contextCustomizers = set[org.springframework.boot.test.context.filter.ExcludeFilterContextCustomizer@2de8284b, org.springframework.boot.test.json.DuplicateJsonObjectContextCustomizerFactory$DuplicateJsonObjectContextCustomizer@12c8a2c0, org.springframework.boot.test.mock.mockito.MockitoContextCustomizer@0, org.springframework.boot.test.web.client.TestRestTemplateContextCustomizer@646007f4, org.springframework.boot.test.autoconfigure.properties.PropertyMappingContextCustomizer@0, org.springframework.boot.test.autoconfigure.web.servlet.WebDriverContextCustomizerFactory$Customizer@17211155], resourceBasePath = 'src/main/webapp', contextLoader = 'org.springframework.boot.test.context.SpringBootContextLoader', parent = [null]], attributes = map['org.springframework.test.context.web.ServletTestExecutionListener.activateListener' -> false]], class annotated with @DirtiesContext [false] with mode [null].
]]></system-out>
  </testcase>
  <testcase name="when3RegisteringNewOrderInitialOrderStatusShouldBeNew" classname="com.project.forex.ForexappApplicationTests" time="11.912"/>
  <testcase name="when4CancellingAnOrderStatusShouldBeUpdatedToCancel" classname="com.project.forex.ForexappApplicationTests" time="0.712"/>
  <testcase name="when5InvokingCancelOrderItShouldReturnAllCancelledOrders" classname="com.project.forex.ForexappApplicationTests" time="3.094"/>
  <testcase name="when6BidAndAskOrdersAreMatchedThenMatchingOrdersShouldBeUpdatedToMatchedStatusAndReturnMatchCount" classname="com.project.forex.ForexappApplicationTests" time="0.116"/>
  <testcase name="when7InvokingMatchedTradesItShouldReturnAllMatchedTrades" classname="com.project.forex.ForexappApplicationTests" time="0.006"/>
  <testcase name="when8InvokingUnmatchedOrdersItShouldReturnAllUnmatchedOrders" classname="com.project.forex.ForexappApplicationTests" time="0.004"/>
</testsuite>