<?xml version="1.0" encoding="UTF-8"?>
<testsuite xmlns:xsi="http://www.w3.org/2001/XMLSchema-instance" xsi:noNamespaceSchemaLocation="https://maven.apache.org/surefire/maven-surefire-plugin/xsd/surefire-test-report.xsd" name="com.project.forex.repository.OrderRepositoryTest" time="0.037" tests="1" errors="0" skipped="1" failures="0">
  <properties>
[...]
</properties>
  <testcase name="whenForexOrderIsRegisteredInitialOrderStatusShouldBeNew" classname="com.project.forex.repository.OrderRepositoryTest" time="0">
    <skipped/>
    <system-out><![CDATA[2019-05-26 14:06:48.514  INFO 23600 --- [           main] .b.t.c.SpringBootTestContextBootstrapper : Neither @ContextConfiguration nor @ContextHierarchy found for test class [com.project.forex.repository.OrderRepositoryTest], using SpringBootContextLoader
2019-05-26 14:06:48.515  INFO 23600 --- [           main] o.s.t.c.support.AbstractContextLoader    : Could not detect default resource locations for test class [com.project.forex.repository.OrderRepositoryTest]: no resource found for suffixes {-context.xml, Context.groovy}.
2019-05-26 14:06:48.516  INFO 23600 --- [           main] t.c.s.AnnotationConfigContextLoaderUtils : Could not detect default configuration classes for test class [com.project.forex.repository.OrderRepositoryTest]: OrderRepositoryTest does not declare any static, non-private, non-final, nested classes annotated with @Configuration.
2019-05-26 14:06:48.533  INFO 23600 --- [           main] .b.t.c.SpringBootTestContextBootstrapper : Found @SpringBootConfiguration com.project.forex.ForexappApplication for test class com.project.forex.repository.OrderRepositoryTest
2019-05-26 14:06:48.535  INFO 23600 --- [           main] .b.t.c.SpringBootTestContextBootstrapper : Loaded default TestExecutionListener class names from location [META-INF/spring.factories]: [org.springframework.boot.test.mock.mockito.MockitoTestExecutionListener, org.springframework.boot.test.mock.mockito.ResetMocksTestExecutionListener, org.springframework.boot.test.autoconfigure.restdocs.RestDocsTestExecutionListener, org.springframework.boot.test.autoconfigure.web.client.MockRestServiceServerResetTestExecutionListener, org.springframework.boot.test.autoconfigure.web.servlet.MockMvcPrintOnlyOnFailureTestExecutionListener, org.springframework.boot.test.autoconfigure.web.servlet.WebDriverTestExecutionListener, org.springframework.test.context.web.ServletTestExecutionListener, org.springframework.test.context.support.DirtiesContextBeforeModesTestExecutionListener, org.springframework.test.context.support.DependencyInjectionTestExecutionListener, org.springframework.test.context.support.DirtiesContextTestExecutionListener, org.springframework.test.context.transaction.TransactionalTestExecutionListener, org.springframework.test.context.jdbc.SqlScriptsTestExecutionListener]
2019-05-26 14:06:48.535  INFO 23600 --- [           main] .b.t.c.SpringBootTestContextBootstrapper : Using TestExecutionListeners: [org.springframework.test.context.web.ServletTestExecutionListener@75452aea, org.springframework.test.context.support.DirtiesContextBeforeModesTestExecutionListener@6c24f61d, org.springframework.boot.test.mock.mockito.MockitoTestExecutionListener@4537880f, org.springframework.boot.test.autoconfigure.SpringBootDependencyInjectionTestExecutionListener@14292d71, org.springframework.test.context.support.DirtiesContextTestExecutionListener@48e74764, org.springframework.test.context.transaction.TransactionalTestExecutionListener@338d47b, org.springframework.test.context.jdbc.SqlScriptsTestExecutionListener@7a3643e3, org.springframework.boot.test.mock.mockito.ResetMocksTestExecutionListener@2729bb71, org.springframework.boot.test.autoconfigure.restdocs.RestDocsTestExecutionListener@55071497, org.springframework.boot.test.autoconfigure.web.client.MockRestServiceServerResetTestExecutionListener@10d98940, org.springframework.boot.test.autoconfigure.web.servlet.MockMvcPrintOnlyOnFailureTestExecutionListener@58b8f9e3, org.springframework.boot.test.autoconfigure.web.servlet.WebDriverTestExecutionListener@32a033b6]
]]></system-out>
  </testcase>
</testsuite>